<?xml version="1.0" encoding="UTF-8"?>
<!-- Generated by org.testng.reporters.JUnitReportReporter -->
<testsuite hostname="DESKTOP-NS4QUNH" failures="0" tests="5" name="Maven_Testng.Maven_Testng.NewTest" time="11.254" errors="0" timestamp="2024-06-25T05:34:38 EEST" skipped="0">
  <testcase classname="Maven_Testng.Maven_Testng.NewTest" name="testValidLogin" time="2.221"/>
  <system-out/>
  <testcase classname="Maven_Testng.Maven_Testng.NewTest" name="testInvalidLogin" time="2.286"/>
  <system-out/>
  <testcase classname="Maven_Testng.Maven_Testng.NewTest" name="testElementsPresence" time="2.534"/>
  <system-out/>
  <testcase classname="Maven_Testng.Maven_Testng.NewTest" name="testEmptyPassword" time="2.089"/>
  <system-out/>
  <testcase classname="Maven_Testng.Maven_Testng.NewTest" name="testEmptyUsername" time="2.124"/>
  <system-out/>
</testsuite> <!-- Maven_Testng.Maven_Testng.NewTest -->
